<?xml version="1.0" encoding="UTF-8"?>
<!-- Generated by org.testng.reporters.JUnitXMLReporter -->
<testsuite ignored="0" hostname="LAPTOP-DCEI3NGR" failures="0" tests="2" name="Error Validations Test" time="13.976" errors="0" timestamp="2025-01-01T17:41:49 IST">
  <testcase classname="rahulshettyacademy.tests.ErrorValidationsTest" name="LoginErrorValidation" time="0.947"/>
  <testcase classname="rahulshettyacademy.tests.ErrorValidationsTest" name="ProductErrorValidation" time="3.227"/>
</testsuite> <!-- Error Validations Test -->
